#
# There is insufficient memory for the Java Runtime Environment to continue.
# Native memory allocation (malloc) failed to allocate 1048576 bytes for AllocateHeap
# Possible reasons:
#   The system is out of physical RAM or swap space
#   The process is running with CompressedOops enabled, and the Java Heap may be blocking the growth of the native heap
# Possible solutions:
#   Reduce memory load on the system
#   Increase physical memory or swap space
#   Check if swap backing store is full
#   Decrease Java heap size (-Xmx/-Xms)
#   Decrease number of Java threads
#   Decrease Java thread stack sizes (-Xss)
#   Set larger code cache with -XX:ReservedCodeCacheSize=
#   JVM is running with Unscaled Compressed Oops mode in which the Java heap is
#     placed in the first 4GB address space. The Java Heap base address is the
#     maximum limit for the native heap growth. Please use -XX:HeapBaseMinAddress
#     to set the Java Heap base and to place the Java Heap above 4GB virtual address.
# This output file may be truncated or incomplete.
#
#  Out of Memory Error (allocation.cpp:44), pid=10612, tid=26616
#
# JRE version:  (17.0.9+9) (build )
# Java VM: OpenJDK 64-Bit Server VM (17.0.9+9, mixed mode, emulated-client, sharing, tiered, compressed oops, compressed class ptrs, g1 gc, windows-amd64)
# No core dump will be written. Minidumps are not enabled by default on client versions of Windows
#

---------------  S U M M A R Y ------------

Command Line: -Dcom.sun.management.jmxremote -Dcom.sun.management.jmxremote.port=58536 -Dcom.sun.management.jmxremote.authenticate=false -Dcom.sun.management.jmxremote.ssl=false -Djava.rmi.server.hostname=localhost -Dspring.jmx.enabled=true -Dmanagement.endpoints.jmx.exposure.include=* -Dspring.application.admin.enabled=true -XX:TieredStopAtLevel=1 -Dspring.boot.project.name=EuerkaServer -Dfile.encoding=UTF-8 -Dstdout.encoding=UTF-8 -Dstderr.encoding=UTF-8 -XX:+ShowCodeDetailsInExceptionMessages com.thinknxt.rba.eurekaserver.EuerkaServerApplication --spring.output.ansi.enabled=always

Host: 11th Gen Intel(R) Core(TM) i5-1135G7 @ 2.40GHz, 8 cores, 7G,  Windows 10 , 64 bit Build 19041 (10.0.19041.3636)
Time: Mon Feb 19 17:30:39 2024 India Standard Time elapsed time: 0.230798 seconds (0d 0h 0m 0s)

---------------  T H R E A D  ---------------

Current thread (0x00000247c7fff3a0):  JavaThread "Unknown thread" [_thread_in_vm, id=26616, stack(0x0000009bd6000000,0x0000009bd6100000)]

Stack: [0x0000009bd6000000,0x0000009bd6100000]
Native frames: (J=compiled Java code, j=interpreted, Vv=VM code, C=native code)
V  [jvm.dll+0x67cf49]
V  [jvm.dll+0x83478a]
V  [jvm.dll+0x83624e]
V  [jvm.dll+0x8368b3]
V  [jvm.dll+0x247f1f]
V  [jvm.dll+0xa6b4b]
V  [jvm.dll+0x2da614]
V  [jvm.dll+0x805ffc]
V  [jvm.dll+0x36cf31]
V  [jvm.dll+0x7e4aac]
V  [jvm.dll+0x3f07af]
V  [jvm.dll+0x3f23e1]
C  [jli.dll+0x528f]
C  [ucrtbase.dll+0x21bb2]
C  [KERNEL32.DLL+0x17344]
C  [ntdll.dll+0x526b1]


---------------  P R O C E S S  ---------------

Threads class SMR info:
_java_thread_list=0x00007ffa1254ee98, length=0, elements={
}

Java Threads: ( => current thread )

Other Threads:

=>0x00000247c7fff3a0 (exited) JavaThread "Unknown thread" [_thread_in_vm, id=26616, stack(0x0000009bd6000000,0x0000009bd6100000)]

Threads with active compile tasks:

VM state: not at safepoint (not fully initialized)

VM Mutex/Monitor currently owned by a thread: None

Heap address: 0x0000000000000000, size: 0 MB, Compressed Oops mode: 32-bit

CDS archive(s) mapped at: [0x0000000000000000-0x0000000000000000-0x0000000000000000), size 0, SharedBaseAddress: 0x0000000800000000, ArchiveRelocationMode: 1.
Narrow klass base: 0x0000000000000000, Narrow klass shift: 0, Narrow klass range: 0x0

GC Precious Log:
<Empty>

GC Heap History (0 events):
No events

Dll operation events (1 events):
Event: 0.166 Loaded shared library C:\Users\sidheshwars\Downloads\sts-4.21.0.RELEASE\plugins\org.eclipse.justj.openjdk.hotspot.jre.full.win32.x86_64_17.0.9.v20231028-0858\jre\bin\java.dll

Deoptimization events (0 events):
No events

Classes unloaded (0 events):
No events

Classes redefined (0 events):
No events

Internal exceptions (0 events):
No events

VM Operations (0 events):
No events

Events (0 events):
No events


Dynamic libraries:
0x00007ff75fc60000 - 0x00007ff75fc6e000 	C:\Users\sidheshwars\Downloads\sts-4.21.0.RELEASE\plugins\org.eclipse.justj.openjdk.hotspot.jre.full.win32.x86_64_17.0.9.v20231028-0858\jre\bin\javaw.exe
0x00007ffa637b0000 - 0x00007ffa639a8000 	C:\Windows\SYSTEM32\ntdll.dll
0x00007ffa61800000 - 0x00007ffa618bd000 	C:\Windows\System32\KERNEL32.DLL
0x00007ffa612c0000 - 0x00007ffa615b6000 	C:\Windows\System32\KERNELBASE.dll
0x00007ffa61040000 - 0x00007ffa61140000 	C:\Windows\System32\ucrtbase.dll
0x00007ffa2d170000 - 0x00007ffa2d187000 	C:\Users\sidheshwars\Downloads\sts-4.21.0.RELEASE\plugins\org.eclipse.justj.openjdk.hotspot.jre.full.win32.x86_64_17.0.9.v20231028-0858\jre\bin\jli.dll
0x00007ffa634c0000 - 0x00007ffa6365e000 	C:\Windows\System32\USER32.dll
0x00007ffa60ef0000 - 0x00007ffa60f12000 	C:\Windows\System32\win32u.dll
0x00007ffa621a0000 - 0x00007ffa621cc000 	C:\Windows\System32\GDI32.dll
0x00007ffa60f20000 - 0x00007ffa6103a000 	C:\Windows\System32\gdi32full.dll
0x00007ffa61220000 - 0x00007ffa612bd000 	C:\Windows\System32\msvcp_win.dll
0x00007ffa596c0000 - 0x00007ffa596db000 	C:\Users\sidheshwars\Downloads\sts-4.21.0.RELEASE\plugins\org.eclipse.justj.openjdk.hotspot.jre.full.win32.x86_64_17.0.9.v20231028-0858\jre\bin\VCRUNTIME140.dll
0x00007ffa3a980000 - 0x00007ffa3ac1a000 	C:\Windows\WinSxS\amd64_microsoft.windows.common-controls_6595b64144ccf1df_6.0.19041.3636_none_60b6a03d71f818d5\COMCTL32.dll
0x00007ffa62030000 - 0x00007ffa620ce000 	C:\Windows\System32\msvcrt.dll
0x00007ffa63730000 - 0x00007ffa63760000 	C:\Windows\System32\IMM32.DLL
0x00007ffa04740000 - 0x00007ffa04db3000 	C:\Program Files\McAfee\DLP\Agent\fcagpph64.dll
0x00007ffa61a50000 - 0x00007ffa61b03000 	C:\Windows\System32\ADVAPI32.dll
0x00007ffa621d0000 - 0x00007ffa6226f000 	C:\Windows\System32\sechost.dll
0x00007ffa62760000 - 0x00007ffa62886000 	C:\Windows\System32\RPCRT4.dll
0x00007ffa617d0000 - 0x00007ffa617f7000 	C:\Windows\System32\bcrypt.dll
0x00007ffa62890000 - 0x00007ffa62fd5000 	C:\Windows\System32\SHELL32.dll
0x00007ffa618c0000 - 0x00007ffa619eb000 	C:\Windows\System32\ole32.dll
0x00007ffa630e0000 - 0x00007ffa63434000 	C:\Windows\System32\combase.dll
0x00007ffa63080000 - 0x00007ffa630d5000 	C:\Windows\System32\SHLWAPI.dll
0x00007ffa625b0000 - 0x00007ffa6261b000 	C:\Windows\System32\WS2_32.dll
0x00007ffa620d0000 - 0x00007ffa6219d000 	C:\Windows\System32\OLEAUT32.dll
0x00007ffa227f0000 - 0x00007ffa22895000 	C:\Windows\SYSTEM32\WINSPOOL.DRV
0x00007ffa61b10000 - 0x00007ffa61bbd000 	C:\Windows\System32\shcore.dll
0x00007ffa57da0000 - 0x00007ffa57daa000 	C:\Windows\SYSTEM32\VERSION.dll
0x00007ffa60d60000 - 0x00007ffa60d92000 	C:\Windows\SYSTEM32\SspiCli.dll
0x00007ffa60010000 - 0x00007ffa60043000 	C:\Windows\SYSTEM32\ntmarta.dll
0x00007ffa002c0000 - 0x00007ffa007a0000 	C:\Program Files\McAfee\DLP\Agent\fcagafa64.dll
0x00007ffa56760000 - 0x00007ffa5676c000 	C:\Users\sidheshwars\Downloads\sts-4.21.0.RELEASE\plugins\org.eclipse.justj.openjdk.hotspot.jre.full.win32.x86_64_17.0.9.v20231028-0858\jre\bin\vcruntime140_1.dll
0x00007ffa2cff0000 - 0x00007ffa2d07d000 	C:\Users\sidheshwars\Downloads\sts-4.21.0.RELEASE\plugins\org.eclipse.justj.openjdk.hotspot.jre.full.win32.x86_64_17.0.9.v20231028-0858\jre\bin\msvcp140.dll
0x00007ffa11a20000 - 0x00007ffa12681000 	C:\Users\sidheshwars\Downloads\sts-4.21.0.RELEASE\plugins\org.eclipse.justj.openjdk.hotspot.jre.full.win32.x86_64_17.0.9.v20231028-0858\jre\bin\server\jvm.dll
0x00007ffa603d0000 - 0x00007ffa6041b000 	C:\Windows\SYSTEM32\POWRPROF.dll
0x00007ffa4bc80000 - 0x00007ffa4bc89000 	C:\Windows\SYSTEM32\WSOCK32.dll
0x00007ffa4b5f0000 - 0x00007ffa4b617000 	C:\Windows\SYSTEM32\WINMM.dll
0x00007ffa60290000 - 0x00007ffa602a2000 	C:\Windows\SYSTEM32\UMPDC.dll
0x00007ffa5f750000 - 0x00007ffa5f762000 	C:\Windows\SYSTEM32\kernel.appcore.dll
0x00007ffa581c0000 - 0x00007ffa581ca000 	C:\Users\sidheshwars\Downloads\sts-4.21.0.RELEASE\plugins\org.eclipse.justj.openjdk.hotspot.jre.full.win32.x86_64_17.0.9.v20231028-0858\jre\bin\jimage.dll
0x00007ffa5e7e0000 - 0x00007ffa5e9c4000 	C:\Windows\SYSTEM32\DBGHELP.DLL
0x00007ffa525f0000 - 0x00007ffa52624000 	C:\Windows\SYSTEM32\dbgcore.DLL
0x00007ffa61190000 - 0x00007ffa61212000 	C:\Windows\System32\bcryptPrimitives.dll
0x00007ffa168e0000 - 0x00007ffa16905000 	C:\Users\sidheshwars\Downloads\sts-4.21.0.RELEASE\plugins\org.eclipse.justj.openjdk.hotspot.jre.full.win32.x86_64_17.0.9.v20231028-0858\jre\bin\java.dll

dbghelp: loaded successfully - version: 4.0.5 - missing functions: none
symbol engine: initialized successfully - sym options: 0x614 - pdb path: .;C:\Users\sidheshwars\Downloads\sts-4.21.0.RELEASE\plugins\org.eclipse.justj.openjdk.hotspot.jre.full.win32.x86_64_17.0.9.v20231028-0858\jre\bin;C:\Windows\SYSTEM32;C:\Windows\WinSxS\amd64_microsoft.windows.common-controls_6595b64144ccf1df_6.0.19041.3636_none_60b6a03d71f818d5;C:\Program Files\McAfee\DLP\Agent;C:\Users\sidheshwars\Downloads\sts-4.21.0.RELEASE\plugins\org.eclipse.justj.openjdk.hotspot.jre.full.win32.x86_64_17.0.9.v20231028-0858\jre\bin\server

VM Arguments:
jvm_args: -Dcom.sun.management.jmxremote -Dcom.sun.management.jmxremote.port=58536 -Dcom.sun.management.jmxremote.authenticate=false -Dcom.sun.management.jmxremote.ssl=false -Djava.rmi.server.hostname=localhost -Dspring.jmx.enabled=true -Dmanagement.endpoints.jmx.exposure.include=* -Dspring.application.admin.enabled=true -XX:TieredStopAtLevel=1 -Dspring.boot.project.name=EuerkaServer -Dfile.encoding=UTF-8 -Dstdout.encoding=UTF-8 -Dstderr.encoding=UTF-8 -XX:+ShowCodeDetailsInExceptionMessages 
java_command: com.thinknxt.rba.eurekaserver.EuerkaServerApplication --spring.output.ansi.enabled=always
java_class_path (initial): C:\Users\sidheshwars\Downloads\EuerkaServer\target\classes;C:\Users\sidheshwars\.m2\repository\org\springframework\cloud\spring-cloud-starter-netflix-eureka-server\4.1.0\spring-cloud-starter-netflix-eureka-server-4.1.0.jar;C:\Users\sidheshwars\.m2\repository\org\springframework\cloud\spring-cloud-starter\4.1.0\spring-cloud-starter-4.1.0.jar;C:\Users\sidheshwars\.m2\repository\org\springframework\cloud\spring-cloud-context\4.1.0\spring-cloud-context-4.1.0.jar;C:\Users\sidheshwars\.m2\repository\org\springframework\security\spring-security-crypto\6.2.1\spring-security-crypto-6.2.1.jar;C:\Users\sidheshwars\.m2\repository\org\springframework\cloud\spring-cloud-commons\4.1.0\spring-cloud-commons-4.1.0.jar;C:\Users\sidheshwars\.m2\repository\org\springframework\security\spring-security-rsa\1.1.1\spring-security-rsa-1.1.1.jar;C:\Users\sidheshwars\.m2\repository\org\bouncycastle\bcprov-jdk18on\1.74\bcprov-jdk18on-1.74.jar;C:\Users\sidheshwars\.m2\repository\org\springframework\cloud\spring-cloud-netflix-eureka-server\4.1.0\spring-cloud-netflix-eureka-server-4.1.0.jar;C:\Users\sidheshwars\.m2\repository\org\springframework\boot\spring-boot-starter-web\3.2.2\spring-boot-starter-web-3.2.2.jar;C:\Users\sidheshwars\.m2\repository\org\springframework\boot\spring-boot-starter-json\3.2.2\spring-boot-starter-json-3.2.2.jar;C:\Users\sidheshwars\.m2\repository\com\fasterxml\jackson\datatype\jackson-datatype-jdk8\2.15.3\jackson-datatype-jdk8-2.15.3.jar;C:\Users\sidheshwars\.m2\repository\com\fasterxml\jackson\datatype\jackson-datatype-jsr310\2.15.3\jackson-datatype-jsr310-2.15.3.jar;C:\Users\sidheshwars\.m2\repository\com\fasterxml\jackson\module\jackson-module-parameter-names\2.15.3\jackson-module-parameter-names-2.15.3.jar;C:\Users\sidheshwars\.m2\repository\org\springframework\boot\spring-boot-starter-tomcat\3.2.2\spring-boot-starter-tomcat-3.2.2.jar;C:\Users\sidheshwars\.m2\repository\org\apache\tomcat\embed\tomcat-embed-core\10.1.18\tomcat-embed-core-1
Launcher Type: SUN_STANDARD

[Global flags]
     intx CICompilerCount                          = 4                                         {product} {ergonomic}
     uint ConcGCThreads                            = 2                                         {product} {ergonomic}
     uint G1ConcRefinementThreads                  = 8                                         {product} {ergonomic}
   size_t G1HeapRegionSize                         = 1048576                                   {product} {ergonomic}
    uintx GCDrainStackTargetSize                   = 64                                        {product} {ergonomic}
   size_t InitialHeapSize                          = 130023424                                 {product} {ergonomic}
     bool ManagementServer                         = true                                      {product} {command line}
   size_t MarkStackSize                            = 4194304                                   {product} {ergonomic}
   size_t MaxHeapSize                              = 2078277632                                {product} {ergonomic}
   size_t MinHeapDeltaBytes                        = 1048576                                   {product} {ergonomic}
   size_t MinHeapSize                              = 8388608                                   {product} {ergonomic}
    uintx NonProfiledCodeHeapSize                  = 0                                      {pd product} {ergonomic}
     bool ProfileInterpreter                       = false                                  {pd product} {command line}
    uintx ProfiledCodeHeapSize                     = 0                                      {pd product} {ergonomic}
     bool ShowCodeDetailsInExceptionMessages       = true                                   {manageable} {command line}
   size_t SoftMaxHeapSize                          = 2078277632                             {manageable} {ergonomic}
     intx TieredStopAtLevel                        = 1                                         {product} {command line}
     bool UseCompressedClassPointers               = true                           {product lp64_product} {ergonomic}
     bool UseCompressedOops                        = true                           {product lp64_product} {ergonomic}
     bool UseG1GC                                  = true                                      {product} {ergonomic}
     bool UseLargePagesIndividualAllocation        = false                                  {pd product} {ergonomic}

Logging:
Log output configuration:
 #0: stdout all=warning uptime,level,tags
 #1: stderr all=off uptime,level,tags

Environment Variables:
PATH=C:/Users/sidheshwars/Downloads/sts-4.21.0.RELEASE//plugins/org.eclipse.justj.openjdk.hotspot.jre.full.win32.x86_64_17.0.9.v20231028-0858/jre/bin/server;C:/Users/sidheshwars/Downloads/sts-4.21.0.RELEASE//plugins/org.eclipse.justj.openjdk.hotspot.jre.full.win32.x86_64_17.0.9.v20231028-0858/jre/bin;C:\Program Files\Common Files\Oracle\Java\javapath;C:\Program Files (x86)\Common Files\Oracle\Java\javapath;C:\Windows\system32;C:\Windows;C:\Windows\System32\Wbem;C:\Windows\System32\WindowsPowerShell\v1.0\;C:\Windows\System32\OpenSSH\;C:\Program Files\dotnet\;C:\Program Files\Git\cmd;C:\Users\sidheshwars\Downloads\apache-maven-3.9.5\bin;C:\Program Files\nodejs\;C:\Program Files\MySQL\MySQL Shell 8.0\bin\;C:\Users\sidheshwars\AppData\Local\Microsoft\WindowsApps;C:\Users\sidheshwars\Downloads\apache-maven-3.9.5\bin;C:\Users\sidheshwars\AppData\Roaming\npm;C:\Users\sidheshwars\AppData\Local\Programs\Microsoft VS Code\bin;C:\Program Files\JetBrains\IntelliJ IDEA Community Edition 2023.3.1\bin;;C:\Users\sidheshwars\Downloads\sts-4.21.0.RELEASE;
USERNAME=sidheshwars
OS=Windows_NT
PROCESSOR_IDENTIFIER=Intel64 Family 6 Model 140 Stepping 1, GenuineIntel
TMP=C:\Users\SIDHES~1\AppData\Local\Temp
TEMP=C:\Users\SIDHES~1\AppData\Local\Temp



Periodic native trim disabled


---------------  S Y S T E M  ---------------

OS:
 Windows 10 , 64 bit Build 19041 (10.0.19041.3636)
OS uptime: 4 days 5:01 hours

CPU: total 8 (initial active 8) (4 cores per cpu, 2 threads per core) family 6 model 140 stepping 1 microcode 0xb4, cx8, cmov, fxsr, ht, mmx, 3dnowpref, sse, sse2, sse3, ssse3, sse4.1, sse4.2, popcnt, lzcnt, tsc, tscinvbit, avx, avx2, aes, erms, clmul, bmi1, bmi2, adx, avx512f, avx512dq, avx512cd, avx512bw, avx512vl, sha, fma, vzeroupper, avx512_vpopcntdq, avx512_vpclmulqdq, avx512_vaes, avx512_vnni, clflush, clflushopt, clwb, avx512_vbmi2, avx512_vbmi
Processor Information for all 8 processors :
  Max Mhz: 1382, Current Mhz: 1382, Mhz Limit: 1382

Memory: 4k page, system-wide physical 7926M (209M free)
TotalPageFile size 32502M (AvailPageFile size 0M)
current process WorkingSet (physical memory assigned to process): 12M, peak: 12M
current process commit charge ("private bytes"): 14M, peak: 15M

vm_info: OpenJDK 64-Bit Server VM (17.0.9+9) for windows-amd64 JRE (17.0.9+9), built on Oct 26 2023 14:01:42 by "admin" with MS VC++ 16.10 / 16.11 (VS2019)

END.
